This is pdfTeX, Version 3.14159265-2.6-1.40.17 (TeX Live 2016/Parabola) (preloaded format=pdfetex 2016.12.4)  6 DEC 2016 18:30
entering extended mode
 restricted \write18 enabled.
 file:line:error style messages enabled.
 %&-line parsing enabled.
**\input swish-installer.t2d/pdf/xtr/swish-installer.texi

(/home/parabola/dev/unife/intern/repos/swish-installer/doc/swish-installer.t2d/
pdf/xtr/swish-installer.texi (/usr/share/texmf-dist/tex/texinfo/texinfo.tex
Loading texinfo [version 2016-08-16.19]:
\outerhsize=\dimen16
\outervsize=\dimen17
\cornerlong=\dimen18
\cornerthick=\dimen19
\topandbottommargin=\dimen20
\bindingoffset=\dimen21
\normaloffset=\dimen22
\txipagewidth=\dimen23
\txipageheight=\dimen24
\headlinebox=\box16
\footlinebox=\box17
\margin=\insert252
\EMsimple=\toks13
\groupbox=\box18
\groupinvalidhelp=\toks14
\mil=\dimen25
\exdentamount=\skip18
\inmarginspacing=\skip19
\centerpenalty=\count27
 pdf,
\tempnum=\count28
\lnkcount=\count29
\filename=\toks15
\filenamelength=\count30
\pgn=\count31
\toksA=\toks16
\toksB=\toks17
\toksC=\toks18
\toksD=\toks19
\boxA=\box19
\boxB=\box20
\countA=\count32
\nopdfimagehelp=\toks20
 fonts,
\sffam=\fam8
\textleading=\dimen26
 markup,
\fontdepth=\count33
 glyphs,
\errorbox=\box21

page headings,
\titlepagetopglue=\skip20
\titlepagebottomglue=\skip21
\evenheadline=\toks21
\oddheadline=\toks22
\evenfootline=\toks23
\oddfootline=\toks24
 tables,
\tableindent=\dimen27
\itemindent=\dimen28
\itemmargin=\dimen29
\itemmax=\dimen30
\itemno=\count34
\multitableparskip=\skip22
\multitableparindent=\skip23
\multitablecolspace=\dimen31
\multitablelinespace=\skip24
\colcount=\count35
\everytab=\toks25
 conditionals,
\doignorecount=\count36
 indexing,
\dummybox=\box22
\whatsitskip=\skip25
\whatsitpenalty=\count37
\entryrightmargin=\dimen32
\thinshrinkable=\skip26
\entryindexbox=\box23
\delayedbox=\box24
\interbox=\box25
\secondaryindent=\skip27
\partialpage=\box26
\doublecolumnhsize=\dimen33
\savedtopmark=\toks26
\savedfirstmark=\toks27
\balancedcolumns=\box27
 sectioning,
\unnumberedno=\count38
\chapno=\count39
\secno=\count40
\subsecno=\count41
\subsubsecno=\count42
\appendixno=\count43
\absseclevel=\count44
\secbase=\count45
\chapheadingskip=\skip28
\secheadingskip=\skip29
\subsecheadingskip=\skip30
 toc,
\tocfile=\write0
\contentsrightmargin=\skip31
\savepageno=\count46
\lastnegativepageno=\count47
\tocindent=\dimen34
 environments,
\lispnarrowing=\skip32
\envskipamount=\skip33
\circthick=\dimen35
\cartouter=\dimen36
\cartinner=\dimen37
\normbskip=\skip34
\normpskip=\skip35
\normlskip=\skip36
\lskip=\skip37
\rskip=\skip38
\nonfillparindent=\dimen38
\tabw=\dimen39
\verbbox=\box28

defuns,
\defbodyindent=\skip39
\defargsindent=\skip40
\deflastargmargin=\skip41
\defunpenalty=\count48
\parencount=\count49
\brackcount=\count50
 macros,
\savedcatcodeone=\count51
\savedcatcodetwo=\count52
\paramno=\count53
\macname=\toks28
 cross references,
\auxfile=\write1
\savesfregister=\count54
\toprefbox=\box29
\printedrefnamebox=\box30
\infofilenamebox=\box31
\printedmanualbox=\box32
 insertions,
\footnoteno=\count55
\SAVEfootins=\box33
\SAVEmargin=\box34

(/usr/share/texmf-dist/tex/generic/epsf/epsf.tex
This is `epsf.tex' v2.7.4 <14 February 2011>
\epsffilein=\read1
\epsfframemargin=\dimen40
\epsfframethickness=\dimen41
\epsfrsize=\dimen42
\epsftmp=\dimen43
\epsftsize=\dimen44
\epsfxsize=\dimen45
\epsfysize=\dimen46
\pspoints=\dimen47
)
\noepsfhelp=\toks29
 localization,
\nolanghelp=\toks30
\countUTFx=\count56
\countUTFy=\count57
\countUTFz=\count58
 formatting,
\defaultparindent=\dimen48
 and turning on texinfo input format.)
texinfo.tex: doing @include of my-bib-macros.texi


(/home/parabola/dev/unife/intern/repos/swish-installer/doc/my-bib-macros.texi)
[1{/var/lib/texmf/fonts/map/pdftex/updmap/pdftex.map}] [2]
(/home/parabola/dev/unife/intern/repos/swish-installer/doc/swish-installer.toc
[-1]) [-2]
(/home/parabola/dev/unife/intern/repos/swish-installer/doc/swish-installer.toc)
(/home/parabola/dev/unife/intern/repos/swish-installer/doc/swish-installer.toc)
Chapter 1
\openout0 = `swish-installer.toc'.


(/home/parabola/dev/unife/intern/repos/swish-installer/doc/swish-installer.aux)
\openout1 = `swish-installer.aux'.

@cpindfile=@write2
\openout2 = `swish-installer.cp'.

Writing index file swish-installer.cp
Chapter 2 [1] [2] Chapter 3 [3] Chapter 4 [4] Chapter 5 [5] [6] [7] [8]
[9] [10] Chapter 6 [11] Chapter 7 [12]
Missing character: There is no â in font cmr10!
Missing character: There is no € in font cmr10!
Missing character: There is no “ in font cmr10!
 [13]
Overfull \hbox (13.45938pt too wide) in paragraph at lines 916--919
 []@textrm Rserve sand-box [][]@texttt https: / / aur . archlinux . org / packa
ges / rserve-sandbox-docker /|

@hbox(7.60416+2.43333)x433.62, glue set - 1.0
.@glue(@leftskip) 43.36243
.@hbox(6.3875+0.9125)x0.0, glue set - 15.74413fil
..@glue 0.0 plus 1.0fil minus 1.0fil
..@mathon
..@textsy ^^@
..@mathoff
..@kern 7.22743
.@textrm R
.@textrm s
.@textrm e
.etc.

[14] ) 
Here is how much of TeX's memory you used:
 3397 strings out of 494661
 35807 string characters out of 6155152
 83465 words of memory out of 5000000
 4879 multiletter control sequences out of 15000+600000
 32778 words of font info for 114 fonts, out of 8000000 for 9000
 1453 hyphenation exceptions out of 8191
 15i,6n,16p,341b,603s stack positions out of 5000i,500n,10000p,200000b,80000s
pdfTeX warning (dest): name{Top} has been referenced but does not exist, 
replaced by a fixed one

</usr/share/texmf-dist/fonts/type1/public/amsfonts/cm/cmb10.pfb></usr/share/tex
mf-dist/fonts/type1/public/amsfonts/cm/cmbx12.pfb></usr/share/texmf-dist/fonts/
type1/public/amsfonts/cm/cmmi10.pfb></usr/share/texmf-dist/fonts/type1/public/a
msfonts/cm/cmmi12.pfb></usr/share/texmf-dist/fonts/type1/public/amsfonts/cm/cmr
10.pfb></usr/share/texmf-dist/fonts/type1/public/amsfonts/cm/cmr7.pfb></usr/sha
re/texmf-dist/fonts/type1/public/amsfonts/cm/cmr9.pfb></usr/share/texmf-dist/fo
nts/type1/public/amsfonts/cm/cmsy10.pfb></usr/share/texmf-dist/fonts/type1/publ
ic/amsfonts/cm/cmtt10.pfb>
Output written on swish-installer.pdf (18 pages, 150626 bytes).
PDF statistics:
 399 PDF objects out of 1000 (max. 8388607)
 363 compressed objects within 4 object streams
 40 named destinations out of 1000 (max. 500000)
 373 words of extra memory for PDF output out of 10000 (max. 10000000)

